

<!DOCTYPE html>
<html>
<head>
<meta charset="UTF-8">
<meta name="viewport" content="width=device-width, initial-scale=1, shrink-to-fit=no">
<title>Extent</title>
<link rel="apple-touch-icon" href="https://cdn.jsdelivr.net/gh/extent-framework/extent-github-cdn@b00a2d0486596e73dd7326beacf352c639623a0e/commons/img/logo.png">
<link rel="shortcut icon" href="https://cdn.jsdelivr.net/gh/extent-framework/extent-github-cdn@b00a2d0486596e73dd7326beacf352c639623a0e/commons/img/logo.png">
<link href="https://cdn.jsdelivr.net/gh/extent-framework/extent-github-cdn@d6562a79075e061305ccfdb82f01e5e195e2d307/spark/css/spark-style.css" rel="stylesheet" />
<link href="https://stackpath.bootstrapcdn.com/font-awesome/4.7.0/css/font-awesome.min.css" rel="stylesheet">
<script src="https://cdn.jsdelivr.net/gh/extent-framework/extent-github-cdn@7cc78ce/spark/js/jsontree.js"></script>
<style type="text/css"></style></head><body class="spa bdd-report dark">
  <div class="app">
    <div class="layout">
<div class="header navbar">
<div class="vheader">
<div class="nav-logo">
<a href="#">
<div class="logo" style="background-image: url('https://cdn.jsdelivr.net/gh/extent-framework/extent-github-cdn@b00a2d0486596e73dd7326beacf352c639623a0e/commons/img/logo.png')"></div>
</a>
</div>
<ul class="nav-left">
<li class="search-box">
<a class="search-toggle" href="#">
<i class="search-icon fa fa-search"></i>
<i class="search-icon-close fa fa-close"></i>
</a>
</li>
<li class="search-input"><input id="search-tests" class="form-control" type="text" placeholder="Search..."></li>
</ul>
<ul class="nav-right">
<li class="m-r-10">
<a href="#"><span class="badge badge-primary">Grasshopper Report</span></a>
</li>
<li class="m-r-10">
<a href="#"><span class="badge badge-primary">Apr 19, 2023 05:39:31 pm</span></a>
</li>
</ul>
</div>
</div><div class="side-nav">
<div class="side-nav-inner">
<ul class="side-nav-menu">
<li class="nav-item dropdown" onclick="toggleView('dashboard-view')">
<a id="nav-dashboard" class="dropdown-toggle" href="#">
<span class="ico"><i class="fa fa-bar-chart"></i></span>
</a>
</li>
<li class="nav-item dropdown" onclick="toggleView('test-view')">
<a id="nav-test" class="dropdown-toggle" href="#">
<span class="ico"><i class="fa fa-list"></i></span>
</a>
</li>
<li class="nav-item dropdown" onclick="toggleView('exception-view')">
<a id="nav-exception" class="dropdown-toggle" href="#">
<span class="ico"><i class="fa fa-bug"></i></span>
</a>
</li>
</ul>
</div>
</div>      <div class="vcontainer">
        <div class="main-content">
<div class="container-fluid p-4 view dashboard-view">
<div class="row">
<div class="col-md-3">
<div class="card"><div class="card-body">
<p class="m-b-0">Started</p>
<h3>Apr 19, 2023 05:39:31 pm</h3>
</div></div>
</div>
<div class="col-md-3">
<div class="card"><div class="card-body">
<p class="m-b-0">Ended</p>
<h3>Apr 19, 2023 05:40:26 pm</h3>
</div></div>
</div>
<div class="col-md-3">
<div class="card"><div class="card-body">
<p class="m-b-0 text-pass">Features Passed</p>
<h3>1</h3>
</div></div>
</div>
<div class="col-md-3">
<div class="card"><div class="card-body">
<p class="m-b-0 text-fail">Features Failed</p>
<h3>2</h3>
</div></div>
</div>
</div>
<div class="row">
<div class="col-md-4">
<div class="card">
<div class="card-header">
<h6 class="card-title">Features</h6>
</div>
<div class="card-body">
<div class="">
<canvas id='parent-analysis' width='115' height='90'></canvas>
</div>
</div>
<div class="card-footer">
<div><small data-tooltip='33%'>
<b>1</b> features passed
</small>
</div>
<div>
<small data-tooltip='66%'><b>2</b> features failed,
<b>0</b> skipped, <b data-tooltip='0%'>0</b> others
</small>
</div>
</div>
</div>
</div>
<div class="col-md-4">
<div class="card">
<div class="card-header">
<h6 class="card-title">Scenarios</h6>
</div>
<div class="card-body">
<div class="">
<canvas id='child-analysis' width='115' height='90'></canvas>
</div>
</div>
<div class="card-footer">
<div><small data-tooltip='50%'><b>3</b> scenarios passed</small></div>
<div>
<small data-tooltip='50%'><b>3</b> scenarios failed,
<b>0</b> skipped, <b data-tooltip='%'>0</b> others
</small>
</div>
</div>
</div>
</div>
<div class="col-md-4">
<div class="card">
<div class="card-header">
<h6 class="card-title">Steps</h6>
</div>
<div class="card-body">
<div class="">
<canvas id='grandchild-analysis' width='115' height='90'></canvas>
</div>
</div>
<div class="card-footer">
<div><small data-tooltip='59%'><b>26</b> steps passed</small></div>
<div>
<small data-tooltip='13%'><b>6</b> steps failed,
<b>12</b> skipped, <b data-tooltip='%'>0</b> others
</small>
</div>
</div>
</div>
</div>
</div>
<div class="row"><div class="col-md-12">
<div class="card"><div class="card-header"><p>Timeline</p></div>
<div class="card-body pt-0"><div>
<canvas id="timeline" height="120"></canvas>
</div></div>
</div>
</div></div>
<script>
var timeline = {
"Login Functionality":22.548,"feature to test google search functionality":27.026,"Ease My Trip Flight Booking":52.833
};
</script>
<div class="row">
</div>
</div>
<script>
var statusGroup = {
parentCount: 5,
passParent: 1,
failParent: 2,
warningParent: 0,
skipParent: 0,
childCount: 5,
passChild: 3,
failChild: 3,
warningChild: 0,
skipChild: 0,
infoChild: 0,
grandChildCount: 5,
passGrandChild: 26,
failGrandChild: 6,
warningGrandChild: 0,
skipGrandChild: 12,
infoGrandChild: 0,
eventsCount: 5,
};
</script><div class="test-wrapper row view test-view">
  <div class="test-list">
    <div class="test-list-tools">
<ul class="tools pull-left">
<li><a href="#"><span class="font-size-14">Tests</span></a></li>
</ul>
<ul class="tools text-right">
<li class="dropdown">
<a href="#" class="dropdown-toggle" data-toggle="dropdown"><i class="fa fa-exclamation-circle"></i></a>
<ul id="status-toggle" class="dropdown-menu dropdown-md p-v-0">
<a class="dropdown-item" status="pass" href="#"><span>Pass</span><span class="status success"></span></a>
<a class="dropdown-item" status="fail" href="#"><span>Fail</span><span class="status danger"></span></a>
<div class="dropdown-divider"></div>
<a status="clear" class="dropdown-item" href="#"><span>Clear</span><span class="pull-right"><i class="fa fa-close"></i></span></a>
</ul>
</li>
</ul>
</div>    <div class="test-list-wrapper scrollable">
      <ul class="test-list-item">
        <li class="test-item"  status="pass" test-id="1"
          author=""
          tag=""
          device="">
          <div class="test-detail">
            <p class="name">Login Functionality</p>
            <p class="text-sm">
              <span>5:39:33 pm</span> / <span>00:00:22:548</span>
              <span class="badge pass-bg log float-right">Pass</span>
            </p>
          </div>
          <div class="test-contents d-none">
<div class="detail-head">
<div class="p-v-10">
<div class="info">
<h5 class="test-status text-pass">Login Functionality</h5>
<span class='badge badge-success'>04.19.2023 5:39:33 pm</span>
<span class='badge badge-danger'>04.19.2023 5:39:56 pm</span>
<span class='badge badge-default'>00:00:22:548</span>
&middot; <span class='uri-anchor badge badge-default'>#test-id=1</span>
<span class='badge badge-default pointer float-right ml-1 et'><i class="fa fa-chevron-down"></i></span>
<span class='badge badge-default pointer float-right ct'><i class="fa fa-chevron-up"></i></span>
</div>
<div class="m-t-10 m-l-5"></div>
</div>
</div>
<div class="accordion mt-4">
  <div class="card">
    <div class="card-header" role="tab">
      <div class="card-title">
        <div class="node" id="2"><span class="badge log pass-bg mr-2">Pass</span>Test Login Functionality(Positive)</div>
      </div>
    </div>
        <div class="scenario_outline collapse">
            <div class="card-body l1">
              <div class="card-header">
                <div class="card-title outline-child">
                  <div class="node" id="3"><span class="badge log pass-bg mr-2">Pass</span>Test Login Functionality(Positive)</div>
                </div>
              </div>
              <div class="card-body mt-3 collapse">
                  <div class="step pass-bg">
                    <span>Given browser is open for login</span>
      <div>
      </div>
                  </div>
                  <div class="step pass-bg">
                    <span>And User is on login page</span>
      <div>
      </div>
                  </div>
                  <div class="step pass-bg">
                    <span>When User enters markwill@gamil.com and Markwill@1234</span>
      <div>
      </div>
                  </div>
                  <div class="step pass-bg">
                    <span>And user clicks in login button</span>
      <div>
      </div>
                  </div>
                  <div class="step pass-bg">
                    <span>Then user is navigated to home page</span>
      <div>
      </div>
                  </div>
              </div>
            </div>
        </div>
  </div>
  <div class="card">
    <div class="card-header" role="tab">
      <div class="card-title">
        <div class="node" id="9"><span class="badge log pass-bg mr-2">Pass</span>Test Login Functionality(Negative)</div>
      </div>
    </div>
        <div class="scenario_outline collapse">
            <div class="card-body l1">
              <div class="card-header">
                <div class="card-title outline-child">
                  <div class="node" id="10"><span class="badge log pass-bg mr-2">Pass</span>Test Login Functionality(Negative)</div>
                </div>
              </div>
              <div class="card-body mt-3 collapse">
                  <div class="step pass-bg">
                    <span>Given browser is open for invalid user</span>
      <div>
      </div>
                  </div>
                  <div class="step pass-bg">
                    <span>And User is on login page for invalid user</span>
      <div>
      </div>
                  </div>
                  <div class="step pass-bg">
                    <span>When User filled jonhgardner@gamil.com and john@1234 for invalid user</span>
      <div>
      </div>
                  </div>
                  <div class="step pass-bg">
                    <span>And user clicks in login button for invalid user</span>
      <div>
      </div>
                  </div>
                  <div class="step pass-bg">
                    <span>Then user get error</span>
      <div>
      </div>
                  </div>
              </div>
            </div>
        </div>
  </div>
</div>
          </div>
        </li>
        <li class="test-item"  status="fail" test-id="4"
          author=""
          tag=""
          device="">
          <div class="test-detail">
            <p class="name">feature to test google search functionality</p>
            <p class="text-sm">
              <span>5:39:33 pm</span> / <span>00:00:27:026</span>
              <span class="badge fail-bg log float-right">Fail</span>
            </p>
          </div>
          <div class="test-contents d-none">
<div class="detail-head">
<div class="p-v-10">
<div class="info">
<h5 class="test-status text-fail">feature to test google search functionality</h5>
<span class='badge badge-success'>04.19.2023 5:39:33 pm</span>
<span class='badge badge-danger'>04.19.2023 5:40:00 pm</span>
<span class='badge badge-default'>00:00:27:026</span>
&middot; <span class='uri-anchor badge badge-default'>#test-id=4</span>
<span class='badge badge-default pointer float-right ml-1 et'><i class="fa fa-chevron-down"></i></span>
<span class='badge badge-default pointer float-right ct'><i class="fa fa-chevron-up"></i></span>
</div>
<div class="m-t-10 m-l-5"></div>
</div>
</div>
<div class="accordion mt-4">
  <div class="card">
    <div class="card-header" role="tab">
      <div class="card-title">
        <div class="node" id="5"><span class="badge log fail-bg mr-2">Fail</span>Validate google search is working</div>
      </div>
    </div>
        <div class="">
          <div class="card-body">
              <div class="step pass-bg" title="stepdefination_UI.GoogleSearchSteps.browser_is_open()">
                <span>Given browser is open</span>
      <div>
      </div>
              </div>
              <div class="step pass-bg" title="stepdefination_UI.GoogleSearchSteps.user_is_on_google_search_page()">
                <span>And user is on google search page</span>
      <div>
      </div>
              </div>
              <div class="step pass-bg" title="stepdefination_UI.GoogleSearchSteps.user_enters_a_text_in_search_box()">
                <span>When user enters a text in search box</span>
      <div>
      </div>
              </div>
              <div class="step fail-bg" title="stepdefination_UI.GoogleSearchSteps.hits_enter()">
                <span>And hits enter</span>
      <div>
        <textarea disabled class="code-block">org.openqa.selenium.TimeoutException: timeout: Timed out receiving message from renderer: 10.000
  (Session info: chrome=112.0.5615.87)
Build info: version: '4.8.1', revision: '8ebccac989'
System info: os.name: 'Windows 10', os.arch: 'amd64', os.version: '10.0', java.version: '17.0.6'
Driver info: org.openqa.selenium.chrome.ChromeDriver
Command: [d305a1022dae24d71ea222b7df045cf2, sendKeysToElement {id=d5c1ec18-e777-4d54-b116-747ac9be39f6, value=[Ljava.lang.CharSequence;@4a1757a8}]
Capabilities {acceptInsecureCerts: false, browserName: chrome, browserVersion: 112.0.5615.87, chrome: {chromedriverVersion: 112.0.5615.49 (bd2a7bcb881c..., userDataDir: C:\Users\ONKARJ~1\AppData\L...}, goog:chromeOptions: {debuggerAddress: localhost:62438}, networkConnectionEnabled: false, pageLoadStrategy: normal, platformName: WINDOWS, proxy: Proxy(), se:cdp: ws://localhost:62438/devtoo..., se:cdpVersion: 112.0.5615.87, setWindowRect: true, strictFileInteractability: false, timeouts: {implicit: 0, pageLoad: 300000, script: 30000}, unhandledPromptBehavior: dismiss and notify, webauthn:extension:credBlob: true, webauthn:extension:largeBlob: true, webauthn:extension:minPinLength: true, webauthn:extension:prf: true, webauthn:virtualAuthenticators: true}
Element: [[ChromeDriver: chrome on WINDOWS (d305a1022dae24d71ea222b7df045cf2)] -> name: q]
Session ID: d305a1022dae24d71ea222b7df045cf2
	at java.base/jdk.internal.reflect.NativeConstructorAccessorImpl.newInstance0(Native Method)
	at java.base/jdk.internal.reflect.NativeConstructorAccessorImpl.newInstance(NativeConstructorAccessorImpl.java:77)
	at java.base/jdk.internal.reflect.DelegatingConstructorAccessorImpl.newInstance(DelegatingConstructorAccessorImpl.java:45)
	at java.base/java.lang.reflect.Constructor.newInstanceWithCaller(Constructor.java:499)
	at java.base/java.lang.reflect.Constructor.newInstance(Constructor.java:480)
	at org.openqa.selenium.remote.codec.w3c.W3CHttpResponseCodec.createException(W3CHttpResponseCodec.java:200)
	at org.openqa.selenium.remote.codec.w3c.W3CHttpResponseCodec.decode(W3CHttpResponseCodec.java:133)
	at org.openqa.selenium.remote.codec.w3c.W3CHttpResponseCodec.decode(W3CHttpResponseCodec.java:53)
	at org.openqa.selenium.remote.HttpCommandExecutor.execute(HttpCommandExecutor.java:184)
	at org.openqa.selenium.remote.service.DriverCommandExecutor.invokeExecute(DriverCommandExecutor.java:167)
	at org.openqa.selenium.remote.service.DriverCommandExecutor.execute(DriverCommandExecutor.java:142)
	at org.openqa.selenium.remote.RemoteWebDriver.execute(RemoteWebDriver.java:543)
	at org.openqa.selenium.remote.RemoteWebElement.execute(RemoteWebElement.java:257)
	at org.openqa.selenium.remote.RemoteWebElement.sendKeys(RemoteWebElement.java:113)
	at stepdefination_UI.GoogleSearchSteps.hits_enter(GoogleSearchSteps.java:53)
	at ✽.hits enter(file:///C:/Users/Onkar%20Jadhao/eclipse-workspace/CucumberTest/src/test/java/cucumberbdd_UI/GoogleSearch.feature:7)
</textarea>
      
      </div>
              </div>
              <div class="step skip-bg" title="stepdefination_UI.GoogleSearchSteps.user_is_navigated_to_search_results()">
                <span>Then user is navigated to search results</span>
      <div>Step skipped
      </div>
              </div>
              <div class="step fail-bg" title="AFTER">
                <span>stepdefination_UI.Login_steps.failedScreenshot(io.cucumber.java.Scenario)</span>
      <div>
        <textarea disabled class="code-block">java.lang.NullPointerException: Cannot invoke "org.openqa.selenium.TakesScreenshot.getScreenshotAs(org.openqa.selenium.OutputType)" because "this.driver" is null
	at stepdefination_UI.Login_steps.failedScreenshot(Login_steps.java:112)
</textarea>
      
      </div>
              </div>
          </div>
        </div>
  </div>
</div>
          </div>
        </li>
        <li class="test-item"  status="fail" test-id="6"
          author=""
          tag=""
          device="">
          <div class="test-detail">
            <p class="name">Ease My Trip Flight Booking</p>
            <p class="text-sm">
              <span>5:39:33 pm</span> / <span>00:00:52:833</span>
              <span class="badge fail-bg log float-right">Fail</span>
            </p>
          </div>
          <div class="test-contents d-none">
<div class="detail-head">
<div class="p-v-10">
<div class="info">
<h5 class="test-status text-fail">Ease My Trip Flight Booking</h5>
<span class='badge badge-success'>04.19.2023 5:39:33 pm</span>
<span class='badge badge-danger'>04.19.2023 5:40:26 pm</span>
<span class='badge badge-default'>00:00:52:833</span>
&middot; <span class='uri-anchor badge badge-default'>#test-id=6</span>
<span class='badge badge-default pointer float-right ml-1 et'><i class="fa fa-chevron-down"></i></span>
<span class='badge badge-default pointer float-right ct'><i class="fa fa-chevron-up"></i></span>
</div>
<div class="m-t-10 m-l-5"></div>
</div>
</div>
<div class="accordion mt-4">
  <div class="card">
    <div class="card-header" role="tab">
      <div class="card-title">
        <div class="node" id="7"><span class="badge log fail-bg mr-2">Fail</span>User Booked Round Trip Flight</div>
      </div>
    </div>
        <div class="">
          <div class="card-body">
              <div class="step pass-bg" title="stepdefination_UI.Ease_My_Trip_Steps.open_the_broser_for_ease_my_trip_for_round_trip()">
                <span>Given Open the broser for Ease My Trip for Round Trip</span>
      <div>
      </div>
              </div>
              <div class="step fail-bg" title="stepdefination_UI.Ease_My_Trip_Steps.user_is_on_the_ease_my_trip_website_for_round_trip()">
                <span>And User is on the Ease My trip website for Round Trip</span>
      <div>
        <textarea disabled class="code-block">org.openqa.selenium.StaleElementReferenceException: stale element reference: element is not attached to the page document
  (Session info: chrome=112.0.5615.87)
For documentation on this error, please visit: https://selenium.dev/exceptions/#stale_element_reference
Build info: version: '4.8.1', revision: '8ebccac989'
System info: os.name: 'Windows 10', os.arch: 'amd64', os.version: '10.0', java.version: '17.0.6'
Driver info: org.openqa.selenium.chrome.ChromeDriver
Command: [6887f8f1d58f95000571413172ae9c08, clickElement {id=f8dbdaa1-10f2-48df-b138-010205a3c380}]
Capabilities {acceptInsecureCerts: false, browserName: chrome, browserVersion: 112.0.5615.87, chrome: {chromedriverVersion: 112.0.5615.49 (bd2a7bcb881c..., userDataDir: C:\Users\ONKARJ~1\AppData\L...}, goog:chromeOptions: {debuggerAddress: localhost:62450}, networkConnectionEnabled: false, pageLoadStrategy: normal, platformName: WINDOWS, proxy: Proxy(), se:cdp: ws://localhost:62450/devtoo..., se:cdpVersion: 112.0.5615.87, setWindowRect: true, strictFileInteractability: false, timeouts: {implicit: 0, pageLoad: 300000, script: 30000}, unhandledPromptBehavior: dismiss and notify, webauthn:extension:credBlob: true, webauthn:extension:largeBlob: true, webauthn:extension:minPinLength: true, webauthn:extension:prf: true, webauthn:virtualAuthenticators: true}
Element: [[ChromeDriver: chrome on WINDOWS (6887f8f1d58f95000571413172ae9c08)] -> class name: eb_widget_header_close]
Session ID: 6887f8f1d58f95000571413172ae9c08
	at java.base/jdk.internal.reflect.NativeConstructorAccessorImpl.newInstance0(Native Method)
	at java.base/jdk.internal.reflect.NativeConstructorAccessorImpl.newInstance(NativeConstructorAccessorImpl.java:77)
	at java.base/jdk.internal.reflect.DelegatingConstructorAccessorImpl.newInstance(DelegatingConstructorAccessorImpl.java:45)
	at java.base/java.lang.reflect.Constructor.newInstanceWithCaller(Constructor.java:499)
	at java.base/java.lang.reflect.Constructor.newInstance(Constructor.java:480)
	at org.openqa.selenium.remote.codec.w3c.W3CHttpResponseCodec.createException(W3CHttpResponseCodec.java:200)
	at org.openqa.selenium.remote.codec.w3c.W3CHttpResponseCodec.decode(W3CHttpResponseCodec.java:133)
	at org.openqa.selenium.remote.codec.w3c.W3CHttpResponseCodec.decode(W3CHttpResponseCodec.java:53)
	at org.openqa.selenium.remote.HttpCommandExecutor.execute(HttpCommandExecutor.java:184)
	at org.openqa.selenium.remote.service.DriverCommandExecutor.invokeExecute(DriverCommandExecutor.java:167)
	at org.openqa.selenium.remote.service.DriverCommandExecutor.execute(DriverCommandExecutor.java:142)
	at org.openqa.selenium.remote.RemoteWebDriver.execute(RemoteWebDriver.java:543)
	at org.openqa.selenium.remote.RemoteWebElement.execute(RemoteWebElement.java:257)
	at org.openqa.selenium.remote.RemoteWebElement.click(RemoteWebElement.java:78)
	at implementation.Ease_My_Trip_Methods.navigate_To_EaseMyTrip(Ease_My_Trip_Methods.java:76)
	at stepdefination_UI.Ease_My_Trip_Steps.user_is_on_the_ease_my_trip_website_for_round_trip(Ease_My_Trip_Steps.java:88)
	at ✽.User is on the Ease My trip website for Round Trip(file:///C:/Users/Onkar%20Jadhao/eclipse-workspace/CucumberTest/src/test/java/cucumberbdd_UI/EaseMyTrip.feature:21)
</textarea>
      
      </div>
              </div>
              <div class="step skip-bg" title="stepdefination_UI.Ease_My_Trip_Steps.click_on_the_round_trip_option()">
                <span>When User click on the Round Trip Option</span>
      <div>Step skipped
      </div>
              </div>
              <div class="step skip-bg" title="stepdefination_UI.Ease_My_Trip_Steps.fillup_all_travel_details_for_round_trip()">
                <span>And User fillup all travel details for Round Trip</span>
      <div>Step skipped
      </div>
              </div>
              <div class="step skip-bg" title="stepdefination_UI.Ease_My_Trip_Steps.Click_on_the_Search_button_for_Round_Trip()">
                <span>And User click on the Search button for Round Trip</span>
      <div>Step skipped
      </div>
              </div>
              <div class="step skip-bg" title="stepdefination_UI.Ease_My_Trip_Steps.user_is_navigated_to_search_result_page_for_round_trip()">
                <span>And User is navigated to search result page for round trip</span>
      <div>Step skipped
      </div>
              </div>
              <div class="step skip-bg" title="stepdefination_UI.Ease_My_Trip_Steps.user_select_the_flights_and_click_on_book_button()">
                <span>And User select the flights and click on book button</span>
      <div>Step skipped
      </div>
              </div>
              <div class="step skip-bg" title="stepdefination_UI.Ease_My_Trip_Steps.user_choose_insurance_option_and_click_on_continue_booking_for_round_trip()">
                <span>And User filled the details and click on continue booking for round trip</span>
      <div>Step skipped
      </div>
              </div>
              <div class="step skip-bg" title="stepdefination_UI.Ease_My_Trip_Steps.user_complete_the_payment_process_for_round_trip()">
                <span>Then User complete the payment process for round trip</span>
      <div>Step skipped
      </div>
              </div>
              <div class="step fail-bg" title="AFTER">
                <span>stepdefination_UI.Login_steps.failedScreenshot(io.cucumber.java.Scenario)</span>
      <div>
        <textarea disabled class="code-block">java.lang.NullPointerException: Cannot invoke "org.openqa.selenium.TakesScreenshot.getScreenshotAs(org.openqa.selenium.OutputType)" because "this.driver" is null
	at stepdefination_UI.Login_steps.failedScreenshot(Login_steps.java:112)
</textarea>
      
      </div>
              </div>
          </div>
        </div>
  </div>
  <div class="card">
    <div class="card-header" role="tab">
      <div class="card-title">
        <div class="node" id="11"><span class="badge log pass-bg mr-2">Pass</span>User Booked One Way Flight</div>
      </div>
    </div>
        <div class="scenario_outline collapse">
            <div class="card-body l1">
              <div class="card-header">
                <div class="card-title outline-child">
                  <div class="node" id="12"><span class="badge log pass-bg mr-2">Pass</span>User Booked One Way Flight</div>
                </div>
              </div>
              <div class="card-body mt-3 collapse">
                  <div class="step pass-bg">
                    <span>Given Open the browser for Ease My Trip</span>
      <div>
      </div>
                  </div>
                  <div class="step pass-bg">
                    <span>And User is on the Ease my trip website</span>
      <div>
      </div>
                  </div>
                  <div class="step pass-bg">
                    <span>When User click on One Way Option</span>
      <div>
      </div>
                  </div>
                  <div class="step pass-bg">
                    <span>And User-filled travel details for Mumbai to Delhi</span>
      <div>
      </div>
                  </div>
                  <div class="step pass-bg">
                    <span>And User click on the search button</span>
      <div>
      </div>
                  </div>
                  <div class="step pass-bg">
                    <span>And User navigated to search result page</span>
      <div>
      </div>
                  </div>
                  <div class="step pass-bg">
                    <span>And User click on book button</span>
      <div>
      </div>
                  </div>
                  <div class="step pass-bg">
                    <span>And User navigated to the flight details page</span>
      <div>
      </div>
                  </div>
                  <div class="step pass-bg">
                    <span>And User filled the details and click on continue booking</span>
      <div>
      </div>
                  </div>
                  <div class="step pass-bg">
                    <span>Then User complete the payment process</span>
      <div>
      </div>
                  </div>
              </div>
            </div>
        </div>
  </div>
  <div class="card">
    <div class="card-header" role="tab">
      <div class="card-title">
        <div class="node" id="15"><span class="badge log fail-bg mr-2">Fail</span>E-Commerce end-to-end flow</div>
      </div>
    </div>
        <div class="">
          <div class="card-body">
              <div class="step pass-bg" title="stepdefination_UI.Ease_My_Trip_Steps.open_the_browser_for_e_commarce_site()">
                <span>Given Open the browser for E-commarce site</span>
      <div>
      </div>
              </div>
              <div class="step pass-bg" title="stepdefination_UI.Ease_My_Trip_Steps.user_is_on_the_website()">
                <span>And User is on the website</span>
      <div>
      </div>
              </div>
              <div class="step fail-bg" title="stepdefination_UI.Ease_My_Trip_Steps.user_complete_the_login_process()">
                <span>And User complete the login process</span>
      <div>
        <textarea disabled class="code-block">org.openqa.selenium.StaleElementReferenceException: stale element reference: element is not attached to the page document
  (Session info: chrome=112.0.5615.87)
For documentation on this error, please visit: https://selenium.dev/exceptions/#stale_element_reference
Build info: version: '4.8.1', revision: '8ebccac989'
System info: os.name: 'Windows 10', os.arch: 'amd64', os.version: '10.0', java.version: '17.0.6'
Driver info: org.openqa.selenium.chrome.ChromeDriver
Command: [6887f8f1d58f95000571413172ae9c08, clickElement {id=82b19237-c644-403c-9f41-4343675a7186}]
Capabilities {acceptInsecureCerts: false, browserName: chrome, browserVersion: 112.0.5615.87, chrome: {chromedriverVersion: 112.0.5615.49 (bd2a7bcb881c..., userDataDir: C:\Users\ONKARJ~1\AppData\L...}, goog:chromeOptions: {debuggerAddress: localhost:62450}, networkConnectionEnabled: false, pageLoadStrategy: normal, platformName: WINDOWS, proxy: Proxy(), se:cdp: ws://localhost:62450/devtoo..., se:cdpVersion: 112.0.5615.87, setWindowRect: true, strictFileInteractability: false, timeouts: {implicit: 0, pageLoad: 300000, script: 30000}, unhandledPromptBehavior: dismiss and notify, webauthn:extension:credBlob: true, webauthn:extension:largeBlob: true, webauthn:extension:minPinLength: true, webauthn:extension:prf: true, webauthn:virtualAuthenticators: true}
Element: [[ChromeDriver: chrome on WINDOWS (6887f8f1d58f95000571413172ae9c08)] -> xpath: //span[text()='Login']]
Session ID: 6887f8f1d58f95000571413172ae9c08
	at java.base/jdk.internal.reflect.NativeConstructorAccessorImpl.newInstance0(Native Method)
	at java.base/jdk.internal.reflect.NativeConstructorAccessorImpl.newInstance(NativeConstructorAccessorImpl.java:77)
	at java.base/jdk.internal.reflect.DelegatingConstructorAccessorImpl.newInstance(DelegatingConstructorAccessorImpl.java:45)
	at java.base/java.lang.reflect.Constructor.newInstanceWithCaller(Constructor.java:499)
	at java.base/java.lang.reflect.Constructor.newInstance(Constructor.java:480)
	at org.openqa.selenium.remote.codec.w3c.W3CHttpResponseCodec.createException(W3CHttpResponseCodec.java:200)
	at org.openqa.selenium.remote.codec.w3c.W3CHttpResponseCodec.decode(W3CHttpResponseCodec.java:133)
	at org.openqa.selenium.remote.codec.w3c.W3CHttpResponseCodec.decode(W3CHttpResponseCodec.java:53)
	at org.openqa.selenium.remote.HttpCommandExecutor.execute(HttpCommandExecutor.java:184)
	at org.openqa.selenium.remote.service.DriverCommandExecutor.invokeExecute(DriverCommandExecutor.java:167)
	at org.openqa.selenium.remote.service.DriverCommandExecutor.execute(DriverCommandExecutor.java:142)
	at org.openqa.selenium.remote.RemoteWebDriver.execute(RemoteWebDriver.java:543)
	at org.openqa.selenium.remote.RemoteWebElement.execute(RemoteWebElement.java:257)
	at org.openqa.selenium.remote.RemoteWebElement.click(RemoteWebElement.java:78)
	at implementation.Ease_My_Trip_Methods.login_Ecommerce(Ease_My_Trip_Methods.java:273)
	at stepdefination_UI.Ease_My_Trip_Steps.user_complete_the_login_process(Ease_My_Trip_Steps.java:155)
	at ✽.User complete the login process(file:///C:/Users/Onkar%20Jadhao/eclipse-workspace/CucumberTest/src/test/java/cucumberbdd_UI/EaseMyTrip.feature:33)
</textarea>
      
      </div>
              </div>
              <div class="step skip-bg" title="stepdefination_UI.Ease_My_Trip_Steps.user_enter_the_item_name_and_search_the_product()">
                <span>When User enter the item name and search the product</span>
      <div>Step skipped
      </div>
              </div>
              <div class="step skip-bg" title="stepdefination_UI.Ease_My_Trip_Steps.user_add_the_product_into_the_cart()">
                <span>And User add the product into the cart</span>
      <div>Step skipped
      </div>
              </div>
              <div class="step skip-bg" title="stepdefination_UI.Ease_My_Trip_Steps.fillup_all_the_required_address_details_and_payment_details()">
                <span>And fillup all the required address details and payment details</span>
      <div>Step skipped
      </div>
              </div>
              <div class="step skip-bg" title="stepdefination_UI.Ease_My_Trip_Steps.user_assert_the_order_details()">
                <span>Then User assert the order details</span>
      <div>Step skipped
      </div>
              </div>
              <div class="step fail-bg" title="AFTER">
                <span>stepdefination_UI.Login_steps.failedScreenshot(io.cucumber.java.Scenario)</span>
      <div>
        <textarea disabled class="code-block">java.lang.NullPointerException: Cannot invoke "org.openqa.selenium.TakesScreenshot.getScreenshotAs(org.openqa.selenium.OutputType)" because "this.driver" is null
	at stepdefination_UI.Login_steps.failedScreenshot(Login_steps.java:112)
</textarea>
      
      </div>
              </div>
          </div>
        </div>
  </div>
</div>
          </div>
        </li>
      </ul>
    </div>
  </div>
<div class="test-content scrollable">
<div class="test-content-tools">
<ul><li><a class="back-to-test" href="#"><i class="fa fa-arrow-left"></i></a></li></ul>
</div>
<div class="test-content-detail"><div class="detail-body"></div></div>
</div></div>
<div class="test-wrapper row view exception-view attributes-view">
<div class="test-list">
<div class="test-list-tools">
<ul class="tools pull-left"><li><a href=""><span class="font-size-14">Exception</span></a></li></ul>
<ul class="tools text-right"><li><a href="#"><span class="badge badge-primary">3</span></a></li></ul>
</div>
<div class="test-list-wrapper scrollable">
<ul class="test-list-item">
<li class="test-item">
<div class="test-detail">
<span class="meta">
<span class='badge log badge-danger'>1</span>
</span>
<p class="name">org.openqa.selenium.TimeoutException</p>
<p class="duration text-sm">1 tests</p>
</div>
<div class="test-contents d-none">
<div class="info">
<h4>org.openqa.selenium.TimeoutException</h4>
<span status="fail" class='badge log badge-danger'>1 failed</span>
</div>
<table class='table table-sm mt-4'>
<thead>
<tr>
<th class="status-col">Status</th>
<th class="timestamp-col">Timestamp</th>
<th>TestName</th>
</tr>
</thead>
<tbody>
<tr class="tag-test-status" status="fail">
<td><span class="badge log fail-bg">Fail</span></td>
<td>17:39:50 pm</td>
<td>
<a href="#" class="linked" test-id='4' id='29'>And hits enter</a>
<div class="">
<span class="badge badge-default">feature to test google search functionality.Validate google search is working.And hits enter</span>
</div>
</td>
</tr>
</tbody>
</table>
</div>
</li>
<li class="test-item">
<div class="test-detail">
<span class="meta">
<span class='badge log badge-danger'>3</span>
</span>
<p class="name">java.lang.NullPointerException</p>
<p class="duration text-sm">3 tests</p>
</div>
<div class="test-contents d-none">
<div class="info">
<h4>java.lang.NullPointerException</h4>
<span status="fail" class='badge log badge-danger'>3 failed</span>
</div>
<table class='table table-sm mt-4'>
<thead>
<tr>
<th class="status-col">Status</th>
<th class="timestamp-col">Timestamp</th>
<th>TestName</th>
</tr>
</thead>
<tbody>
<tr class="tag-test-status" status="fail">
<td><span class="badge log fail-bg">Fail</span></td>
<td>17:39:56 pm</td>
<td>
<a href="#" class="linked" test-id='6' id='40'>stepdefination_UI.Login_steps.failedScreenshot(io.cucumber.java.Scenario)</a>
<div class="">
<span class="badge badge-default">Ease My Trip Flight Booking.E-Commerce end-to-end flow.stepdefination_UI.Login_steps.failedScreenshot(io.cucumber.java.Scenario)</span>
</div>
</td>
</tr>
<tr class="tag-test-status" status="fail">
<td><span class="badge log fail-bg">Fail</span></td>
<td>17:39:59 pm</td>
<td>
<a href="#" class="linked" test-id='6' id='48'>stepdefination_UI.Login_steps.failedScreenshot(io.cucumber.java.Scenario)</a>
<div class="">
<span class="badge badge-default">Ease My Trip Flight Booking.User Booked Round Trip Flight.stepdefination_UI.Login_steps.failedScreenshot(io.cucumber.java.Scenario)</span>
</div>
</td>
</tr>
<tr class="tag-test-status" status="fail">
<td><span class="badge log fail-bg">Fail</span></td>
<td>17:40:00 pm</td>
<td>
<a href="#" class="linked" test-id='4' id='52'>stepdefination_UI.Login_steps.failedScreenshot(io.cucumber.java.Scenario)</a>
<div class="">
<span class="badge badge-default">feature to test google search functionality.Validate google search is working.stepdefination_UI.Login_steps.failedScreenshot(io.cucumber.java.Scenario)</span>
</div>
</td>
</tr>
</tbody>
</table>
</div>
</li>
<li class="test-item">
<div class="test-detail">
<span class="meta">
<span class='badge log badge-danger'>2</span>
</span>
<p class="name">org.openqa.selenium.StaleElementReferenceException</p>
<p class="duration text-sm">2 tests</p>
</div>
<div class="test-contents d-none">
<div class="info">
<h4>org.openqa.selenium.StaleElementReferenceException</h4>
<span status="fail" class='badge log badge-danger'>2 failed</span>
</div>
<table class='table table-sm mt-4'>
<thead>
<tr>
<th class="status-col">Status</th>
<th class="timestamp-col">Timestamp</th>
<th>TestName</th>
</tr>
</thead>
<tbody>
<tr class="tag-test-status" status="fail">
<td><span class="badge log fail-bg">Fail</span></td>
<td>17:39:50 pm</td>
<td>
<a href="#" class="linked" test-id='6' id='30'>And User complete the login process</a>
<div class="">
<span class="badge badge-default">Ease My Trip Flight Booking.E-Commerce end-to-end flow.And User complete the login process</span>
</div>
</td>
</tr>
<tr class="tag-test-status" status="fail">
<td><span class="badge log fail-bg">Fail</span></td>
<td>17:39:42 pm</td>
<td>
<a href="#" class="linked" test-id='6' id='23'>And User is on the Ease My trip website for Round Trip</a>
<div class="">
<span class="badge badge-default">Ease My Trip Flight Booking.User Booked Round Trip Flight.And User is on the Ease My trip website for Round Trip</span>
</div>
</td>
</tr>
</tbody>
</table>
</div>
</li>
</ul>
</div>
</div>
<div class="test-content scrollable">
<div class="test-content-detail">
<div class="detail-body"></div>
</div>
</div>
</div>        </div>
      </div>
    </div>
  </div>
<script src="https://cdn.jsdelivr.net/gh/extent-framework/extent-github-cdn@d6562a79075e061305ccfdb82f01e5e195e2d307/spark/js/spark-script.js"></script>
<script type="text/javascript"></script></body>
</html>